<?xml version="1.0" encoding="UTF-8"?>
<!-- Generated by org.testng.reporters.JUnitReportReporter -->
<testsuite hostname="Bikash" failures="0" tests="2" name="com.abstech.airface.EmployeePage" time="42.928" errors="0" timestamp="2021-06-06T16:56:14 IST" skipped="0">
  <testcase classname="com.abstech.airface.EmployeePage" name="loginpage3rddata" time="8.852"/>
  <system-out/>
  <testcase classname="com.abstech.airface.EmployeePage" name="employee" time="34.076"/>
  <system-out/>
</testsuite> <!-- com.abstech.airface.EmployeePage -->
