<?xml version="1.0" encoding="UTF-8"?>
<!-- Generated by org.testng.reporters.JUnitReportReporter -->
<testsuite skipped="0" hostname="DESKTOP-VV0I5IH" name="shiftScheduld.WeekendPage" tests="2" failures="0" timestamp="2020-08-11T19:19:55 IST" time="13.809" errors="0">
  <testcase name="ShiftSchedulde_weekend" time="13.746" classname="shiftScheduld.WeekendPage"/>
  <system-out/>
  <testcase name="ShiftSchedulde_weekend_msg" time="0.063" classname="shiftScheduld.WeekendPage"/>
  <system-out/>
</testsuite> <!-- shiftScheduld.WeekendPage -->
