<?xml version="1.0" encoding="UTF-8"?>
<!-- Generated by org.testng.reporters.JUnitReportReporter -->
<testsuite skipped="0" hostname="DESKTOP-UQEU7P5" name="setting.CompensatoryPage" tests="1" failures="0" timestamp="2020-08-04T23:23:10 IST" time="18.293" errors="0">
  <testcase name="setting_Compensatory_module" time="18.293" classname="setting.CompensatoryPage"/>
  <system-out/>
</testsuite> <!-- setting.CompensatoryPage -->
