<?xml version="1.0" encoding="UTF-8"?>
<!-- Generated by org.testng.reporters.JUnitReportReporter -->
<testsuite hostname="Bikash" failures="0" tests="5" name="com.dataprovaider.DataprovaiderTestData" time="0.019" errors="0" timestamp="2021-05-15T11:21:49 IST" skipped="0">
  <testcase classname="com.dataprovaider.DataprovaiderTestData" name="TestData" time="0.002"/>
  <system-out/>
  <testcase classname="com.dataprovaider.DataprovaiderTestData" name="TestData" time="0.001"/>
  <system-out/>
  <testcase classname="com.dataprovaider.DataprovaiderTestData" name="TestData" time="0.002"/>
  <system-out/>
  <testcase classname="com.dataprovaider.DataprovaiderTestData" name="TestData" time="0.012"/>
  <system-out/>
  <testcase classname="com.dataprovaider.DataprovaiderTestData" name="TestData" time="0.002"/>
  <system-out/>
</testsuite> <!-- com.dataprovaider.DataprovaiderTestData -->
