<?xml version="1.0" encoding="UTF-8"?>
<!-- Generated by org.testng.reporters.JUnitReportReporter -->
<testsuite skipped="0" hostname="DESKTOP-UQEU7P5" name="shiftScheduld.ShiftPage" tests="3" failures="0" timestamp="2020-08-09T20:01:04 IST" time="27.482" errors="0">
  <testcase name="ShiftSchedulde_Shift" time="15.457" classname="shiftScheduld.ShiftPage"/>
  <system-out/>
  <testcase name="ShiftSchedulde_Shift_message_validation" time="5.173" classname="shiftScheduld.ShiftPage"/>
  <system-out/>
  <testcase name="ShiftSchedulde_Shift_search" time="6.852" classname="shiftScheduld.ShiftPage"/>
  <system-out/>
</testsuite> <!-- shiftScheduld.ShiftPage -->
