<?xml version="1.0" encoding="UTF-8"?>
<!-- Generated by org.testng.reporters.JUnitReportReporter -->
<testsuite skipped="0" hostname="DESKTOP-UQEU7P5" name="com.abstech.airface.DashboardPage" tests="1" failures="0" timestamp="2020-11-19T12:13:13 IST" time="0.362" errors="0">
  <testcase name="dashboard" time="0.362" classname="com.abstech.airface.DashboardPage"/>
  <system-out/>
</testsuite> <!-- com.abstech.airface.DashboardPage -->
