<?xml version="1.0" encoding="UTF-8"?>
<!-- Generated by org.testng.reporters.JUnitReportReporter -->
<testsuite hostname="Bikash" failures="0" tests="2" name="settings.LocationPage" time="173.576" errors="0" timestamp="2021-06-06T16:56:14 IST" skipped="0">
  <testcase classname="settings.LocationPage" name="loginpage3rddata" time="4.130"/>
  <system-out/>
  <testcase classname="settings.LocationPage" name="addLocation" time="169.446"/>
  <system-out/>
</testsuite> <!-- settings.LocationPage -->
