<?xml version="1.0" encoding="UTF-8"?>
<!-- Generated by org.testng.reporters.JUnitReportReporter -->
<testsuite hostname="Bikash" failures="0" tests="1" name="signUp.SignUpPage" time="0.016" errors="0" timestamp="2021-06-04T08:09:21 IST" skipped="0">
  <testcase classname="signUp.SignUpPage" name="test" time="0.016"/>
  <system-out/>
</testsuite> <!-- signUp.SignUpPage -->
