<?xml version="1.0" encoding="UTF-8"?>
<!-- Generated by org.testng.reporters.JUnitReportReporter -->
<testsuite skipped="0" hostname="DESKTOP-UQEU7P5" name="com.abstech.airface.ShiftPage" tests="6" failures="0" timestamp="2020-08-27T23:03:17 IST" time="21.253" errors="0">
  <testcase name="ShiftSchedulde_Shift" time="5.894" classname="com.abstech.airface.ShiftPage"/>
  <system-out/>
  <testcase name="ShiftSchedulde_Shift_message_validation" time="5.130" classname="com.abstech.airface.ShiftPage"/>
  <system-out/>
  <testcase name="ShiftSchedulde_Shift_search" time="0.173" classname="com.abstech.airface.ShiftPage"/>
  <system-out/>
  <testcase name="edit_shift" time="0.078" classname="com.abstech.airface.ShiftPage"/>
  <system-out/>
  <testcase name="download" time="9.899" classname="com.abstech.airface.ShiftPage"/>
  <system-out/>
  <testcase name="Delete" time="0.079" classname="com.abstech.airface.ShiftPage"/>
  <system-out/>
</testsuite> <!-- com.abstech.airface.ShiftPage -->
