<?xml version="1.0" encoding="UTF-8"?>
<!-- Generated by org.testng.reporters.JUnitReportReporter -->
<testsuite skipped="0" hostname="DESKTOP-UQEU7P5" name="com.abstech.airface.SignUpPage" tests="1" failures="0" timestamp="2020-08-02T15:27:57 IST" time="43.303" errors="0">
  <testcase name="login" time="43.303" classname="com.abstech.airface.SignUpPage"/>
  <system-out/>
</testsuite> <!-- com.abstech.airface.SignUpPage -->
