<?xml version="1.0" encoding="UTF-8"?>
<!-- Generated by org.testng.reporters.JUnitReportReporter -->
<testsuite skipped="0" hostname="DESKTOP-UQEU7P5" name="setting.LeavePage" tests="2" failures="0" timestamp="2020-08-08T09:44:36 IST" time="13.211" errors="0">
  <testcase name="employee_module" time="7.671" classname="setting.LeavePage"/>
  <system-out/>
  <testcase name="Setting_leave" time="5.540" classname="setting.LeavePage"/>
  <system-out/>
</testsuite> <!-- setting.LeavePage -->
