<?xml version="1.0" encoding="UTF-8"?>
<!-- Generated by org.testng.reporters.JUnitReportReporter -->
<testsuite skipped="0" hostname="DESKTOP-VV0I5IH" name="shiftScheduld.EmployeeShiftMappingPage" tests="6" failures="0" timestamp="2020-08-11T18:03:56 IST" time="18.111" errors="0">
  <testcase name="ShiftSchedulde_Employee_shift_mapping" time="5.911" classname="shiftScheduld.EmployeeShiftMappingPage"/>
  <system-out/>
  <testcase name="ShiftSchedulde_Employee_shift_mapping_success_message_validation" time="0.104" classname="shiftScheduld.EmployeeShiftMappingPage"/>
  <system-out/>
  <testcase name="ShiftSchedulde_Employee_shift_mapping_Serch" time="5.240" classname="shiftScheduld.EmployeeShiftMappingPage"/>
  <system-out/>
  <testcase name="ShiftSchedulde_Employee_shift_mapping_edit" time="6.550" classname="shiftScheduld.EmployeeShiftMappingPage"/>
  <system-out/>
  <testcase name="ShiftSchedulde_Employee_shift_mapping_udate_msg" time="0.069" classname="shiftScheduld.EmployeeShiftMappingPage"/>
  <system-out/>
  <testcase name="ShiftSchedulde_Employee_shift_mapping_delete_btn" time="0.237" classname="shiftScheduld.EmployeeShiftMappingPage"/>
  <system-out/>
</testsuite> <!-- shiftScheduld.EmployeeShiftMappingPage -->
