<?xml version="1.0" encoding="UTF-8"?>
<!-- Generated by org.testng.reporters.JUnitReportReporter -->
<testsuite skipped="0" hostname="DESKTOP-UQEU7P5" name="settings.Authkeypage" tests="1" failures="0" timestamp="2020-11-19T12:13:10 IST" time="12.432" errors="0">
  <testcase name="setting_location_module" time="12.432" classname="settings.Authkeypage"/>
  <system-out/>
</testsuite> <!-- settings.Authkeypage -->
