<?xml version="1.0" encoding="UTF-8"?>
<!-- Generated by org.testng.reporters.JUnitReportReporter -->
<testsuite skipped="0" hostname="DESKTOP-VV0I5IH" name="com.abstech.airface.EmployeeShiftMappingPage" tests="5" failures="0" timestamp="2020-08-11T19:48:33 IST" time="17.877" errors="0">
  <testcase name="ShiftSchedulde_Employee_shift_mapping" time="5.879" classname="com.abstech.airface.EmployeeShiftMappingPage"/>
  <system-out/>
  <testcase name="ShiftSchedulde_Employee_shift_mapping_success_message_validation" time="0.077" classname="com.abstech.airface.EmployeeShiftMappingPage"/>
  <system-out/>
  <testcase name="ShiftSchedulde_Employee_shift_mapping_Serch" time="5.240" classname="com.abstech.airface.EmployeeShiftMappingPage"/>
  <system-out/>
  <testcase name="ShiftSchedulde_Employee_shift_mapping_edit" time="6.632" classname="com.abstech.airface.EmployeeShiftMappingPage"/>
  <system-out/>
  <testcase name="ShiftSchedulde_Employee_shift_mapping_udate_msg" time="0.049" classname="com.abstech.airface.EmployeeShiftMappingPage"/>
  <system-out/>
</testsuite> <!-- com.abstech.airface.EmployeeShiftMappingPage -->
