<?xml version="1.0" encoding="UTF-8"?>
<!-- Generated by org.testng.reporters.JUnitReportReporter -->
<testsuite hostname="Bikash" failures="0" tests="1" name="resource.ExtentReporter" time="1.240" errors="0" timestamp="2021-01-30T12:51:49 IST" skipped="0">
  <testcase classname="resource.ExtentReporter" name="extentTest" time="1.240"/>
  <system-out/>
</testsuite> <!-- resource.ExtentReporter -->
