<?xml version="1.0" encoding="UTF-8"?>
<!-- Generated by org.testng.reporters.JUnitReportReporter -->
<testsuite hostname="Bikash" failures="0" tests="1" name="com.dataprovaider.DataprovaiderUtiles" time="0.009" errors="0" timestamp="2021-06-04T12:01:54 IST" skipped="0">
  <testcase classname="com.dataprovaider.DataprovaiderUtiles" name="printData" time="0.009"/>
  <system-out/>
</testsuite> <!-- com.dataprovaider.DataprovaiderUtiles -->
