<?xml version="1.0" encoding="UTF-8"?>
<!-- Generated by org.testng.reporters.JUnitReportReporter -->
<testsuite hostname="Bikash" failures="0" tests="3" name="com.abstech.airface.HomePage" time="3.762" errors="0" timestamp="2021-06-06T16:56:14 IST" skipped="2">
  <testcase classname="com.abstech.airface.HomePage" name="loginpage3rddata" time="3.762"/>
  <system-out/>
  <testcase classname="com.abstech.airface.HomePage" name="loginpage">
    <skipped/>
  </testcase> <!-- loginpage -->
  <system-out/>
  <testcase classname="com.abstech.airface.HomePage" name="loginpage2ndData">
    <skipped/>
  </testcase> <!-- loginpage2ndData -->
  <system-out/>
</testsuite> <!-- com.abstech.airface.HomePage -->
