<?xml version="1.0" encoding="UTF-8"?>
<!-- Generated by org.testng.reporters.JUnitReportReporter -->
<testsuite skipped="0" hostname="DESKTOP-VV0I5IH" name="com.abstech.airface.UserAccessPage" tests="5" failures="0" timestamp="2020-08-11T19:48:33 IST" time="5.893" errors="0">
  <testcase name="authentication" time="3.836" classname="com.abstech.airface.UserAccessPage"/>
  <system-out/>
  <testcase name="authentication_authouser_access" time="0.925" classname="com.abstech.airface.UserAccessPage"/>
  <system-out/>
  <testcase name="authentication_authouser_previllage_message_validation" time="0.103" classname="com.abstech.airface.UserAccessPage"/>
  <system-out/>
  <testcase name="authentication_authouser_access_veryfay" time="0.992" classname="com.abstech.airface.UserAccessPage"/>
  <system-out/>
  <testcase name="authentication_authouser_previllage_message_validation_uncheck" time="0.037" classname="com.abstech.airface.UserAccessPage"/>
  <system-out/>
</testsuite> <!-- com.abstech.airface.UserAccessPage -->
