<?xml version="1.0" encoding="UTF-8"?>
<!-- Generated by org.testng.reporters.JUnitReportReporter -->
<testsuite skipped="0" hostname="DESKTOP-UQEU7P5" name="com.abstech.airface.LeavePage" tests="8" failures="0" timestamp="2020-08-15T13:58:26 IST" time="40.148" errors="0">
  <testcase name="setting_leave" time="15.669" classname="com.abstech.airface.LeavePage"/>
  <system-out/>
  <testcase name="setting_leave_message_validation" time="0.180" classname="com.abstech.airface.LeavePage"/>
  <system-out/>
  <testcase name="Setting_inshert_leave_search" time="0.219" classname="com.abstech.airface.LeavePage"/>
  <system-out/>
  <testcase name="Setting_leave_edit" time="15.790" classname="com.abstech.airface.LeavePage"/>
  <system-out/>
  <testcase name="edit_message" time="0.072" classname="com.abstech.airface.LeavePage"/>
  <system-out/>
  <testcase name="download" time="5.236" classname="com.abstech.airface.LeavePage"/>
  <system-out/>
  <testcase name="Setting_leave_delete" time="0.817" classname="com.abstech.airface.LeavePage"/>
  <system-out/>
  <testcase name="delete_message" time="2.165" classname="com.abstech.airface.LeavePage"/>
  <system-out/>
</testsuite> <!-- com.abstech.airface.LeavePage -->
