<?xml version="1.0" encoding="UTF-8"?>
<!-- Generated by org.testng.reporters.JUnitReportReporter -->
<testsuite skipped="0" hostname="DESKTOP-VV0I5IH" name="setting.Authkeypage" tests="1" failures="0" timestamp="2020-08-04T16:04:22 IST" time="1.361" errors="0">
  <testcase name="setting_location_module" time="1.361" classname="setting.Authkeypage"/>
  <system-out/>
</testsuite> <!-- setting.Authkeypage -->
