<?xml version="1.0" encoding="UTF-8"?>
<!-- Generated by org.testng.reporters.JUnitReportReporter -->
<testsuite skipped="0" hostname="DESKTOP-UQEU7P5" name="com.abstech.airface.LocationPage" tests="12" failures="0" timestamp="2020-08-16T18:59:32 IST" time="60.646" errors="0">
  <testcase name="setting_location_module" time="3.989" classname="com.abstech.airface.LocationPage"/>
  <system-out/>
  <testcase name="location_field_validation" time="1.003" classname="com.abstech.airface.LocationPage"/>
  <system-out/>
  <testcase name="location_add_location" time="2.575" classname="com.abstech.airface.LocationPage"/>
  <system-out/>
  <testcase name="Setting_success_message" time="0.173" classname="com.abstech.airface.LocationPage"/>
  <system-out/>
  <testcase name="Setting_inshert_location_search" time="0.324" classname="com.abstech.airface.LocationPage"/>
  <system-out/>
  <testcase name="location_add_duplicate" time="2.252" classname="com.abstech.airface.LocationPage"/>
  <system-out/>
  <testcase name="Setting_duplicate_message" time="10.279" classname="com.abstech.airface.LocationPage"/>
  <system-out/>
  <testcase name="Setting_location_edit" time="4.657" classname="com.abstech.airface.LocationPage"/>
  <system-out/>
  <testcase name="Setting_edit_message" time="27.032" classname="com.abstech.airface.LocationPage"/>
  <system-out/>
  <testcase name="download" time="4.079" classname="com.abstech.airface.LocationPage"/>
  <system-out/>
  <testcase name="Setting_location_delete" time="2.744" classname="com.abstech.airface.LocationPage"/>
  <system-out/>
  <testcase name="Setting_delete_message" time="1.539" classname="com.abstech.airface.LocationPage"/>
  <system-out/>
</testsuite> <!-- com.abstech.airface.LocationPage -->
