<?xml version="1.0" encoding="UTF-8"?>
<!-- Generated by org.testng.reporters.JUnitReportReporter -->
<testsuite skipped="0" hostname="DESKTOP-UQEU7P5" name="com.abstech.airface.HomePage" tests="1" failures="0" timestamp="2020-08-01T22:01:13 IST" time="51.821" errors="0">
  <testcase name="homepageNav" time="51.821" classname="com.abstech.airface.HomePage"/>
  <system-out/>
</testsuite> <!-- com.abstech.airface.HomePage -->
